2025-11-10 15:59:59,016 | INFO | Logging to: runs/vitb16_text_only/logs/2025-11-10_15-59-59.log
2025-11-10 15:59:59,016 | INFO | ===== Training Configuration =====
2025-11-10 15:59:59,016 | INFO | img_dir: data/Images
2025-11-10 15:59:59,016 | INFO | ann_train: data/train.json
2025-11-10 15:59:59,016 | INFO | ann_val: data/val.json
2025-11-10 15:59:59,016 | INFO | ann_test: None
2025-11-10 15:59:59,016 | INFO | prompt: A photo of {c}
2025-11-10 15:59:59,016 | INFO | max_captions_per_image: None
2025-11-10 15:59:59,016 | INFO | model: ViT-B/16
2025-11-10 15:59:59,016 | INFO | batch_size: 128
2025-11-10 15:59:59,016 | INFO | epochs: 20
2025-11-10 15:59:59,016 | INFO | lr: 1e-05
2025-11-10 15:59:59,016 | INFO | weight_decay: 0.2
2025-11-10 15:59:59,016 | INFO | warmup_steps: 500
2025-11-10 15:59:59,016 | INFO | max_grad_norm: 1.0
2025-11-10 15:59:59,016 | INFO | amp: True
2025-11-10 15:59:59,016 | INFO | freeze: text-only
2025-11-10 15:59:59,016 | INFO | num_workers: 4
2025-11-10 15:59:59,017 | INFO | log_every: 20
2025-11-10 15:59:59,017 | INFO | lora: False
2025-11-10 15:59:59,017 | INFO | lora_r: 8
2025-11-10 15:59:59,017 | INFO | lora_alpha: 16
2025-11-10 15:59:59,017 | INFO | lora_dropout: 0.0
2025-11-10 15:59:59,017 | INFO | lora_train_bias: False
2025-11-10 15:59:59,017 | INFO | out: runs/vitb16_text_only
2025-11-10 15:59:59,017 | INFO | resume: None
2025-11-10 15:59:59,017 | INFO | eval_every: 1
2025-11-10 15:59:59,017 | INFO | seed: 42
2025-11-10 15:59:59,017 | INFO | World size=2, Rank=0, Local rank=0
