2025-11-10 17:40:19,039 | INFO | [Log] runs/vitb16_linear_probe/retrieval/retrieval_2025-11-10_17-40-19.log
2025-11-10 17:40:19,039 | INFO | ===== Retrieval Configuration =====
2025-11-10 17:40:19,039 | INFO | img_dir: data/Images
2025-11-10 17:40:19,040 | INFO | ann: data/test.json
2025-11-10 17:40:19,040 | INFO | model: ViT-B/16
2025-11-10 17:40:19,040 | INFO | ckpt: runs/vitb16_linear_probe/best.pt
2025-11-10 17:40:19,040 | INFO | prompt: A photo of {c}
2025-11-10 17:40:19,040 | INFO | text: a red car parked on the street
2025-11-10 17:40:19,040 | INFO | image: None
2025-11-10 17:40:19,040 | INFO | topk: 5
2025-11-10 17:40:19,040 | INFO | cache_dir: runs/retrieval_cache
2025-11-10 17:40:19,040 | INFO | batch_size: 128
2025-11-10 17:40:19,040 | INFO | device: None
2025-11-10 17:40:19,040 | INFO | out: runs/vitb16_linear_probe/retrieval
2025-11-10 17:40:21,826 | INFO | [LoRA] No LoRA keys found in checkpoint; load as vanilla CLIP.
2025-11-10 17:40:22,001 | INFO | [Load] Loaded checkpoint: runs/vitb16_linear_probe/best.pt
2025-11-10 17:40:22,006 | INFO | [Cache] Loaded image feats: runs/retrieval_cache/test.json_ViT-B_16_img_feats.npy shape=(1000, 512)
2025-11-10 17:40:22,008 | INFO | [Cache] Loaded text feats: runs/retrieval_cache/test.json_ViT-B_16_txt_feats.npy shape=(5000, 512)
2025-11-10 17:40:22,094 | INFO | [Query: Text→Image] "a red car parked on the street"
2025-11-10 17:40:22,094 | INFO | Top1: data/Images/1260816604_570fc35836.jpg  (score=0.2874)
2025-11-10 17:40:22,094 | INFO | Top2: data/Images/2828583747_8cfb7217af.jpg  (score=0.2706)
2025-11-10 17:40:22,094 | INFO | Top3: data/Images/2092870249_90e3f1855b.jpg  (score=0.2572)
2025-11-10 17:40:22,095 | INFO | Top4: data/Images/267015208_d80b3eb94d.jpg  (score=0.2528)
2025-11-10 17:40:22,095 | INFO | Top5: data/Images/791338571_7f38510bf7.jpg  (score=0.2471)
2025-11-10 17:40:22,095 | INFO | [CSV] runs/vitb16_linear_probe/retrieval/text2image_results.csv
2025-11-10 17:40:22,204 | INFO | [VIS] Saved Top-5 grid to runs/vitb16_linear_probe/retrieval/t2i_20251110_174022.jpg
2025-11-10 17:40:22,330 | INFO | [Done] Retrieval finished.
