2025-11-10 17:41:13,002 | INFO | [Log] runs/vitb16_linear_probe/retrieval/retrieval_2025-11-10_17-41-13.log
2025-11-10 17:41:13,002 | INFO | ===== Retrieval Configuration =====
2025-11-10 17:41:13,002 | INFO | img_dir: data/Images
2025-11-10 17:41:13,002 | INFO | ann: data/test.json
2025-11-10 17:41:13,002 | INFO | model: ViT-B/16
2025-11-10 17:41:13,002 | INFO | ckpt: runs/vitb16_linear_probe/best.pt
2025-11-10 17:41:13,002 | INFO | prompt: A photo of {c}
2025-11-10 17:41:13,002 | INFO | text: a red car
2025-11-10 17:41:13,002 | INFO | image: None
2025-11-10 17:41:13,002 | INFO | topk: 5
2025-11-10 17:41:13,002 | INFO | cache_dir: runs/retrieval_cache
2025-11-10 17:41:13,002 | INFO | batch_size: 128
2025-11-10 17:41:13,002 | INFO | device: None
2025-11-10 17:41:13,002 | INFO | out: runs/vitb16_linear_probe/retrieval
2025-11-10 17:41:15,797 | INFO | [LoRA] No LoRA keys found in checkpoint; load as vanilla CLIP.
2025-11-10 17:41:15,989 | INFO | [Load] Loaded checkpoint: runs/vitb16_linear_probe/best.pt
2025-11-10 17:41:15,994 | INFO | [Cache] Loaded image feats: runs/retrieval_cache/test.json_ViT-B_16_img_feats.npy shape=(1000, 512)
2025-11-10 17:41:15,995 | INFO | [Cache] Loaded text feats: runs/retrieval_cache/test.json_ViT-B_16_txt_feats.npy shape=(5000, 512)
2025-11-10 17:41:16,094 | INFO | [Query: Text→Image] "a red car"
2025-11-10 17:41:16,094 | INFO | Top1: data/Images/1260816604_570fc35836.jpg  (score=0.2921)
2025-11-10 17:41:16,095 | INFO | Top2: data/Images/791338571_7f38510bf7.jpg  (score=0.2655)
2025-11-10 17:41:16,095 | INFO | Top3: data/Images/3019199755_a984bc21b1.jpg  (score=0.2642)
2025-11-10 17:41:16,095 | INFO | Top4: data/Images/2828583747_8cfb7217af.jpg  (score=0.2621)
2025-11-10 17:41:16,095 | INFO | Top5: data/Images/2410153942_ba4a136358.jpg  (score=0.2559)
2025-11-10 17:41:16,095 | INFO | [CSV] runs/vitb16_linear_probe/retrieval/text2image_results.csv
2025-11-10 17:41:16,244 | INFO | [VIS] Saved Top-5 grid to runs/vitb16_linear_probe/retrieval/t2i_20251110_174115.jpg
2025-11-10 17:41:16,370 | INFO | [Done] Retrieval finished.
